<?xml version="1.0" encoding="UTF-8"?>
<!-- Generated by org.testng.reporters.JUnitReportReporter -->
<testsuite hostname="NIBLP2187" failures="0" tests="8" name="mission.test.APITests" time="13.718" errors="0" timestamp="2026-03-05T18:25:27 IST" skipped="0">
  <testcase classname="mission.test.APITests" name="loginUnsuccessful_missingPassword_shouldReturn400" time="0.207"/>
  <testcase classname="mission.test.APITests" name="shouldListUsers_totalEqualsNumberOfIds" time="0.923"/>
  <testcase classname="mission.test.APITests" name="shouldCreateUser_andReturnExpectedFields" time="0.228"/>
  <testcase classname="mission.test.APITests" name="shouldCreateUser_andReturnExpectedFields" time="0.241"/>
  <testcase classname="mission.test.APITests" name="loginSuccessful_shouldReturn200" time="0.377"/>
  <testcase classname="mission.test.APITests" name="shouldReturnSingleUserData" time="0.352"/>
  <testcase classname="mission.test.APITests" name="shouldReturn404ForMissingUser" time="0.332"/>
  <testcase classname="mission.test.APITests" name="delayedResponse_everyUserHasUniqueId" time="11.058"/>
</testsuite> <!-- mission.test.APITests -->
