<?xml version="1.0" encoding="UTF-8"?>
<!-- Generated by org.testng.reporters.JUnitReportReporter -->
<testsuite hostname="NIBLP2187" failures="0" tests="8" name="mission.test.APITests" time="13.898" errors="0" timestamp="2026-03-06T16:37:01 IST" skipped="0">
  <testcase classname="mission.test.APITests" name="loginUnsuccessful_missingPassword_shouldReturn400" time="0.218"/>
  <testcase classname="mission.test.APITests" name="shouldListUsers_totalEqualsNumberOfIds" time="0.908"/>
  <testcase classname="mission.test.APITests" name="shouldReturnSingleUserData" time="0.352"/>
  <testcase classname="mission.test.APITests" name="shouldCreateUser_andReturnExpectedFields" time="0.211"/>
  <testcase classname="mission.test.APITests" name="shouldCreateUser_andReturnExpectedFields" time="0.212"/>
  <testcase classname="mission.test.APITests" name="delayedResponse_everyUserHasUniqueId" time="11.436"/>
  <testcase classname="mission.test.APITests" name="shouldReturn404ForMissingUser" time="0.330"/>
  <testcase classname="mission.test.APITests" name="loginSuccessful_shouldReturn200" time="0.231"/>
</testsuite> <!-- mission.test.APITests -->
